mode: count
github.com/AlchemyTelcoSolutions/safehttp/checks.go:7.62,9.2 1 15
github.com/AlchemyTelcoSolutions/safehttp/checks.go:31.47,33.2 1 3
github.com/AlchemyTelcoSolutions/safehttp/checks.go:35.42,36.47 1 5
github.com/AlchemyTelcoSolutions/safehttp/checks.go:41.2,41.14 1 2
github.com/AlchemyTelcoSolutions/safehttp/checks.go:36.47,37.36 1 42
github.com/AlchemyTelcoSolutions/safehttp/checks.go:37.36,39.4 1 3
github.com/AlchemyTelcoSolutions/safehttp/checks.go:44.45,45.26 1 6
github.com/AlchemyTelcoSolutions/safehttp/checks.go:45.26,47.3 1 3
github.com/AlchemyTelcoSolutions/safehttp/checks.go:47.8,49.3 1 3
github.com/AlchemyTelcoSolutions/safehttp/error.go:26.42,28.2 1 1
github.com/AlchemyTelcoSolutions/safehttp/error.go:30.42,31.21 1 11
github.com/AlchemyTelcoSolutions/safehttp/error.go:41.2,41.34 1 1
github.com/AlchemyTelcoSolutions/safehttp/error.go:32.29,33.77 1 2
github.com/AlchemyTelcoSolutions/safehttp/error.go:34.30,35.80 1 1
github.com/AlchemyTelcoSolutions/safehttp/error.go:36.27,37.73 1 2
github.com/AlchemyTelcoSolutions/safehttp/error.go:38.33,39.79 1 5
github.com/AlchemyTelcoSolutions/safehttp/error.go:44.90,54.2 2 10
github.com/AlchemyTelcoSolutions/safehttp/safehttp.go:18.43,42.2 5 7
github.com/AlchemyTelcoSolutions/safehttp/safehttp.go:44.43,45.75 1 10
github.com/AlchemyTelcoSolutions/safehttp/safehttp.go:48.2,48.13 1 10
github.com/AlchemyTelcoSolutions/safehttp/safehttp.go:45.75,47.3 1 8
github.com/AlchemyTelcoSolutions/safehttp/safehttp.go:51.70,53.49 2 10
github.com/AlchemyTelcoSolutions/safehttp/safehttp.go:58.2,58.21 1 10
github.com/AlchemyTelcoSolutions/safehttp/safehttp.go:53.49,54.32 1 18
github.com/AlchemyTelcoSolutions/safehttp/safehttp.go:54.32,56.4 1 9
github.com/AlchemyTelcoSolutions/safehttp/safehttp.go:61.77,62.54 1 7
github.com/AlchemyTelcoSolutions/safehttp/safehttp.go:67.2,67.14 1 6
github.com/AlchemyTelcoSolutions/safehttp/safehttp.go:62.54,63.34 1 1
github.com/AlchemyTelcoSolutions/safehttp/safehttp.go:63.34,65.4 1 1
github.com/AlchemyTelcoSolutions/safehttp/safehttp.go:70.100,71.74 1 10
github.com/AlchemyTelcoSolutions/safehttp/safehttp.go:71.74,73.59 1 10
github.com/AlchemyTelcoSolutions/safehttp/safehttp.go:77.3,78.17 2 9
github.com/AlchemyTelcoSolutions/safehttp/safehttp.go:82.3,83.23 2 8
github.com/AlchemyTelcoSolutions/safehttp/safehttp.go:87.3,87.66 1 7
github.com/AlchemyTelcoSolutions/safehttp/safehttp.go:91.3,91.36 1 6
github.com/AlchemyTelcoSolutions/safehttp/safehttp.go:95.3,95.13 1 1
github.com/AlchemyTelcoSolutions/safehttp/safehttp.go:73.59,75.4 1 1
github.com/AlchemyTelcoSolutions/safehttp/safehttp.go:78.17,80.4 1 1
github.com/AlchemyTelcoSolutions/safehttp/safehttp.go:83.23,85.4 1 1
github.com/AlchemyTelcoSolutions/safehttp/safehttp.go:87.66,89.4 1 1
github.com/AlchemyTelcoSolutions/safehttp/safehttp.go:91.36,93.4 1 5
